c:\users\user123\source\repos\opengldemo\opengldemo\x64\debug\vc143.pdb
c:\users\user123\source\repos\opengldemo\opengldemo\x64\debug\vc143.idb
c:\users\user123\source\repos\opengldemo\opengldemo\x64\debug\source.obj
c:\users\user123\source\repos\opengldemo\opengldemo\x64\debug\glfw3.dll
c:\users\user123\source\repos\opengldemo\opengldemo\x64\debug\hexa.ilk
c:\users\user123\source\repos\opengldemo\opengldemo\x64\debug\hexa.exe
c:\users\user123\source\repos\opengldemo\opengldemo\x64\debug\hexa.pdb
c:\users\user123\source\repos\hexa\hexa\x64\debug\source.obj
c:\users\user123\source\repos\hexa\hexa\x64\debug\hexa.ilk
c:\users\user123\source\repos\hexa\hexa\x64\debug\vc143.idb
c:\users\user123\source\repos\hexa\hexa\x64\debug\hexa.pdb
c:\users\user123\source\repos\hexa\hexa\x64\debug\vc143.pdb
c:\users\user123\source\repos\hexa\hexa\x64\debug\hexa.exe
c:\users\user123\source\repos\hexa\hexa\x64\debug\hexa.tlog\cl.command.1.tlog
c:\users\user123\source\repos\hexa\hexa\x64\debug\hexa.tlog\cl.items.tlog
c:\users\user123\source\repos\hexa\hexa\x64\debug\hexa.tlog\cl.read.1.tlog
c:\users\user123\source\repos\hexa\hexa\x64\debug\hexa.tlog\cl.write.1.tlog
c:\users\user123\source\repos\hexa\hexa\x64\debug\hexa.tlog\hexa.write.1u.tlog
c:\users\user123\source\repos\hexa\hexa\x64\debug\hexa.tlog\link.command.1.tlog
c:\users\user123\source\repos\hexa\hexa\x64\debug\hexa.tlog\link.read.1.tlog
c:\users\user123\source\repos\hexa\hexa\x64\debug\hexa.tlog\link.write.1.tlog
